{
  "RSpec": {
    "coverage": {
      "/Users/luke/Desktop/tictactoe/lib/autoload.rb": [
        1,
        1,
        1
      ],
      "/Users/luke/Desktop/tictactoe/lib/board.rb": [
        1,
        null,
        1,
        null,
        1,
        null,
        1,
        27,
        null,
        null,
        null,
        null,
        null,
        null,
        1,
        7,
        7,
        7,
        7,
        7,
        7,
        null,
        7,
        null,
        null,
        1,
        2,
        0,
        null,
        2,
        null,
        1,
        null,
        null,
        1,
        null,
        null,
        1,
        3,
        4,
        1,
        null,
        null,
        3,
        1,
        null,
        null,
        1,
        null,
        null,
        1,
        null,
        4,
        4,
        null,
        null,
        1,
        3,
        7,
        1,
        null,
        null,
        2,
        null,
        null,
        1,
        8,
        18,
        8,
        3,
        3,
        null,
        null,
        null,
        5,
        null,
        null,
        1,
        7,
        58,
        2,
        2,
        null,
        null,
        5,
        null,
        null,
        1,
        null,
        5,
        3,
        2,
        2,
        null,
        null,
        null,
        null,
        3,
        3,
        2,
        2,
        null,
        null,
        null,
        1,
        null,
        null,
        1,
        6,
        6,
        6,
        6,
        null,
        null,
        null,
        1,
        null,
        5,
        5,
        1,
        1,
        null,
        null,
        null,
        4,
        4,
        1,
        1,
        null,
        null,
        null,
        3,
        3,
        2,
        2,
        null,
        null,
        null,
        null,
        1,
        1,
        1,
        null,
        0,
        null,
        null,
        1,
        6,
        null,
        null,
        null,
        null,
        null,
        null,
        1,
        21,
        null,
        null,
        null,
        1,
        3,
        null,
        null,
        null,
        null,
        null,
        null,
        1,
        2,
        null,
        null,
        null,
        null,
        null,
        null,
        1,
        2,
        null,
        null,
        null,
        null,
        null,
        null,
        1,
        2,
        null,
        null,
        null,
        null,
        null,
        null,
        1,
        3,
        1,
        null,
        null,
        null,
        null,
        1,
        null,
        2,
        null,
        null,
        null,
        null,
        2,
        null,
        null,
        1,
        2,
        5,
        1,
        null,
        null,
        1,
        null,
        null,
        null
      ],
      "/Users/luke/Desktop/tictactoe/lib/game.rb": [
        1,
        1,
        null,
        1,
        null,
        1,
        null,
        1,
        0,
        0,
        null,
        null,
        1,
        null,
        1,
        0,
        null,
        0,
        0,
        0,
        0,
        null,
        0,
        null,
        0,
        0,
        null,
        0,
        0,
        null,
        null,
        null,
        null,
        null,
        1,
        null,
        1,
        0,
        null,
        null,
        1,
        0,
        0,
        0,
        0,
        0,
        0,
        0,
        0,
        0,
        null,
        null,
        0,
        0,
        0,
        null,
        0,
        null,
        null,
        1,
        0,
        0,
        null,
        null,
        1,
        0,
        null,
        null,
        1,
        0,
        0,
        null,
        0,
        null,
        null,
        null
      ],
      "/Users/luke/Desktop/tictactoe/lib/bot.rb": [
        1,
        null,
        1,
        null,
        1,
        null,
        1,
        0,
        0,
        null,
        null,
        null,
        null,
        null,
        1,
        0,
        0,
        null,
        0,
        0,
        null,
        null,
        1,
        0,
        0,
        0,
        0,
        null,
        null,
        null,
        null,
        1,
        0,
        null,
        0,
        0,
        0,
        null,
        0,
        0,
        0,
        null,
        0,
        0,
        0,
        null,
        0,
        0,
        0,
        null,
        null,
        null,
        1,
        null,
        null,
        null
      ],
      "/Users/luke/Desktop/tictactoe/spec/bot_spec.rb": [
        1,
        null,
        1,
        null,
        1,
        1,
        1,
        null,
        null,
        1,
        1,
        0,
        0,
        0,
        0,
        null,
        null,
        null,
        null
      ],
      "/Users/luke/Desktop/tictactoe/spec/spec_helper.rb": [
        1,
        1,
        1,
        null,
        1,
        null,
        1,
        null,
        null,
        null,
        1,
        6,
        6,
        6,
        6,
        null,
        6,
        null,
        6,
        null
      ]
    },
    "timestamp": 1491883022
  }
}
